<?xml version="1.0" encoding="UTF-8"?>
<testng-results skipped="0" failed="0" ignored="0" total="1" passed="1">
  <reporter-output>
  </reporter-output>
  <suite name="Default suite" duration-ms="103" started-at="2018-08-17T05:03:42Z" finished-at="2018-08-17T05:03:42Z">
    <groups>
    </groups>
    <test name="Default test" duration-ms="103" started-at="2018-08-17T05:03:42Z" finished-at="2018-08-17T05:03:42Z">
      <class name="test.TestClass1">
        <test-method status="PASS" signature="method1()[pri:0, instance:test.TestClass1@45820e51]" name="method1" duration-ms="33" started-at="2018-08-17T05:03:42Z" finished-at="2018-08-17T05:03:42Z">
          <reporter-output>
          </reporter-output>
        </test-method> <!-- method1 -->
      </class> <!-- test.TestClass1 -->
    </test> <!-- Default test -->
  </suite> <!-- Default suite -->
</testng-results>
