<?xml version="1.0" encoding="UTF-8"?>
<testng-results skipped="0" failed="0" ignored="0" total="1" passed="1">
  <reporter-output>
  </reporter-output>
  <suite name="Suite" duration-ms="157" started-at="2018-08-17T05:30:49Z" finished-at="2018-08-17T05:30:49Z">
    <groups>
    </groups>
    <test name="Test" duration-ms="157" started-at="2018-08-17T05:30:49Z" finished-at="2018-08-17T05:30:49Z">
      <class name="test.TestClass2">
        <test-method status="PASS" signature="method1()[pri:0, instance:test.TestClass2@45820e51]" name="method1" duration-ms="29" started-at="2018-08-17T05:30:49Z" finished-at="2018-08-17T05:30:49Z">
          <reporter-output>
          </reporter-output>
        </test-method> <!-- method1 -->
      </class> <!-- test.TestClass2 -->
    </test> <!-- Test -->
  </suite> <!-- Suite -->
</testng-results>
