<?xml version="1.0" encoding="UTF-8"?>
<testng-results skipped="0" failed="0" ignored="0" total="1" passed="1">
  <reporter-output>
  </reporter-output>
  <suite name="Default suite" duration-ms="190874" started-at="2018-08-31T07:57:48Z" finished-at="2018-08-31T08:00:59Z">
    <groups>
    </groups>
    <test name="Default test" duration-ms="190874" started-at="2018-08-31T07:57:48Z" finished-at="2018-08-31T08:00:59Z">
      <class name="packageTest.TestClass">
        <test-method status="PASS" signature="attendance()[pri:0, instance:packageTest.TestClass@6574b225]" name="attendance" duration-ms="190781" started-at="2018-08-31T13:27:48Z" finished-at="2018-08-31T13:30:59Z">
          <reporter-output>
          </reporter-output>
        </test-method> <!-- attendance -->
      </class> <!-- packageTest.TestClass -->
    </test> <!-- Default test -->
  </suite> <!-- Default suite -->
</testng-results>
